<?xml version="1.0" encoding="UTF-8"?>
<!-- Generated by org.testng.reporters.JUnitReportReporter -->
<testsuite hostname="LadZoneHome" failures="0" tests="1" name="automationpractice.testcases.CheckoutTest" time="16.126" errors="0" timestamp="04 Dec 2019 02:44:14 GMT" skipped="0">
  <testcase classname="automationpractice.testcases.CheckoutTest" name="loginTest" time="16.126"/>
</testsuite> <!-- automationpractice.testcases.CheckoutTest -->
