<?xml version="1.0" encoding="UTF-8"?>
<!-- Generated by org.testng.reporters.JUnitReportReporter -->
<testsuite hostname="LadZoneHome" failures="0" tests="1" name="automationpractice.testcases.HomeTest" time="6.908" errors="0" timestamp="04 Dec 2019 02:29:28 GMT" skipped="0">
  <testcase classname="automationpractice.testcases.HomeTest" name="signInTest" time="6.908"/>
</testsuite> <!-- automationpractice.testcases.HomeTest -->
