<?xml version="1.0" encoding="UTF-8"?>
<!-- Generated by org.testng.reporters.JUnitReportReporter -->
<testsuite hostname="LadZoneHome" failures="0" tests="1" name="automationpractice.testcases.LoginTest" time="8.166" errors="0" timestamp="04 Dec 2019 02:52:36 GMT" skipped="0">
  <testcase classname="automationpractice.testcases.LoginTest" name="loginTest" time="8.166"/>
</testsuite> <!-- automationpractice.testcases.LoginTest -->
